\BOOKMARK [1][-]{section.1}{Wprowadzenie}{}% 1
\BOOKMARK [2][-]{subsection.1.1}{Og\363lny opis}{section.1}% 2
\BOOKMARK [2][-]{subsection.1.2}{Linki do aplikacji}{section.1}% 3
\BOOKMARK [1][-]{section.2}{Funkcjonalnosci aplikacji}{}% 4
\BOOKMARK [2][-]{subsection.2.1}{Logowanie}{section.2}% 5
\BOOKMARK [2][-]{subsection.2.2}{Rejestracja}{section.2}% 6
\BOOKMARK [2][-]{subsection.2.3}{Panel G\233\363wny}{section.2}% 7
\BOOKMARK [3][-]{subsubsection.2.3.1}{Przeglad i manipulacja pozycjami zadan}{subsection.2.3}% 8
\BOOKMARK [3][-]{subsubsection.2.3.2}{Nowe zadanie}{subsection.2.3}% 9
\BOOKMARK [3][-]{subsubsection.2.3.3}{Edycja i podglad opisu zadania}{subsection.2.3}% 10
\BOOKMARK [3][-]{subsubsection.2.3.4}{Brak po\233aczenia lub nieprzewidziana akcja}{subsection.2.3}% 11
\BOOKMARK [1][-]{section.3}{Wykorzystane technologie}{}% 12
\BOOKMARK [2][-]{subsection.3.1}{Informacje og\363lne}{section.3}% 13
\BOOKMARK [2][-]{subsection.3.2}{Serwer}{section.3}% 14
\BOOKMARK [2][-]{subsection.3.3}{Klient}{section.3}% 15
\BOOKMARK [1][-]{section.4}{API servera}{}% 16
\BOOKMARK [2][-]{subsection.4.1}{Opis}{section.4}% 17
\BOOKMARK [2][-]{subsection.4.2}{HTTP}{section.4}% 18
\BOOKMARK [3][-]{subsubsection.4.2.1}{Rejestracja}{subsection.4.2}% 19
\BOOKMARK [3][-]{subsubsection.4.2.2}{Logowanie}{subsection.4.2}% 20
\BOOKMARK [2][-]{subsection.4.3}{WebSocket}{section.4}% 21
\BOOKMARK [3][-]{subsubsection.4.3.1}{ping}{subsection.4.3}% 22
\BOOKMARK [3][-]{subsubsection.4.3.2}{task\137add}{subsection.4.3}% 23
\BOOKMARK [3][-]{subsubsection.4.3.3}{task\137all}{subsection.4.3}% 24
\BOOKMARK [3][-]{subsubsection.4.3.4}{task\137move}{subsection.4.3}% 25
\BOOKMARK [3][-]{subsubsection.4.3.5}{task\137delete}{subsection.4.3}% 26
\BOOKMARK [3][-]{subsubsection.4.3.6}{task\137edit}{subsection.4.3}% 27
